<?xml version="1.0" encoding="UTF-8"?>
<!-- Generated by org.testng.reporters.JUnitReportReporter -->
<testsuite hostname="LAPTOP-E61DFO19" failures="0" tests="4" name="Selenium.Handson_test_sudha" time="4.881" errors="0" timestamp="2020-06-02T09:32:24 IST" skipped="0">
  <testcase classname="Selenium.Handson_test_sudha" name="page_title" time="0.024"/>
  <system-out/>
  <testcase classname="Selenium.Handson_test_sudha" name="automobile_link" time="1.346"/>
  <system-out/>
  <testcase classname="Selenium.Handson_test_sudha" name="vehicle_data" time="1.544"/>
  <system-out/>
  <testcase classname="Selenium.Handson_test_sudha" name="insurance_details" time="1.967"/>
  <system-out/>
</testsuite> <!-- Selenium.Handson_test_sudha -->
