<?xml version="1.0" encoding="UTF-8"?>
<!-- Generated by org.testng.reporters.JUnitReportReporter -->
<testsuite hostname="LAPTOP-E61DFO19" failures="0" tests="1" name="Selenium.rt1" time="12.551" errors="0" timestamp="2020-06-02T12:49:59 IST" skipped="0">
  <testcase classname="Selenium.rt1" name="aboutus_chn" time="12.551"/>
  <system-out/>
</testsuite> <!-- Selenium.rt1 -->
